/Users/mac/bbverifier/.venv/lib/python3.12/site-packages/huggingface_hub/constants.py:298: FutureWarning: The `HF_HUB_ENABLE_HF_TRANSFER` environment variable is deprecated as 'hf_transfer' is not used anymore. Please use `HF_XET_HIGH_PERFORMANCE` instead to enable high performance transfer with Xet. Visit https://huggingface.co/docs/huggingface_hub/package_reference/environment_variables#hfxethighperformance for more details.
  warnings.warn(
Loading configuration file lora_config.yaml
Loading pretrained model
Fetching 12 files:   0%|          | 0/12 [00:00<?, ?it/s]Error while downloading from https://huggingface.co/WeiboAI/VibeThinker-3B/resolve/a07119254f4613a4d6138e57c04ff61803c8e7b6/model-00001-of-00002.safetensors: The read operation timed out
Trying to resume download...
Error while downloading from https://huggingface.co/WeiboAI/VibeThinker-3B/resolve/a07119254f4613a4d6138e57c04ff61803c8e7b6/model-00002-of-00002.safetensors: The read operation timed out
Trying to resume download...
Fetching 12 files:  33%|███▎      | 4/12 [19:01<38:03, 285.44s/it]
Traceback (most recent call last):
  File "/Users/mac/bbverifier/.venv/lib/python3.12/site-packages/httpx/_transports/default.py", line 101, in map_httpcore_exceptions
    yield
  File "/Users/mac/bbverifier/.venv/lib/python3.12/site-packages/httpx/_transports/default.py", line 250, in handle_request
    resp = self._pool.handle_request(req)
           ^^^^^^^^^^^^^^^^^^^^^^^^^^^^^^
  File "/Users/mac/bbverifier/.venv/lib/python3.12/site-packages/httpcore/_sync/connection_pool.py", line 256, in handle_request
    raise exc from None
  File "/Users/mac/bbverifier/.venv/lib/python3.12/site-packages/httpcore/_sync/connection_pool.py", line 236, in handle_request
    response = connection.handle_request(
               ^^^^^^^^^^^^^^^^^^^^^^^^^^
  File "/Users/mac/bbverifier/.venv/lib/python3.12/site-packages/httpcore/_sync/connection.py", line 101, in handle_request
    raise exc
  File "/Users/mac/bbverifier/.venv/lib/python3.12/site-packages/httpcore/_sync/connection.py", line 78, in handle_request
    stream = self._connect(request)
             ^^^^^^^^^^^^^^^^^^^^^^
  File "/Users/mac/bbverifier/.venv/lib/python3.12/site-packages/httpcore/_sync/connection.py", line 124, in _connect
    stream = self._network_backend.connect_tcp(**kwargs)
             ^^^^^^^^^^^^^^^^^^^^^^^^^^^^^^^^^^^^^^^^^^^
  File "/Users/mac/bbverifier/.venv/lib/python3.12/site-packages/httpcore/_backends/sync.py", line 207, in connect_tcp
    with map_exceptions(exc_map):
         ^^^^^^^^^^^^^^^^^^^^^^^
  File "/Users/mac/.local/share/uv/python/cpython-3.12.13-macos-aarch64-none/lib/python3.12/contextlib.py", line 158, in __exit__
    self.gen.throw(value)
  File "/Users/mac/bbverifier/.venv/lib/python3.12/site-packages/httpcore/_exceptions.py", line 14, in map_exceptions
    raise to_exc(exc) from exc
httpcore.ConnectError: [Errno 61] Connection refused

The above exception was the direct cause of the following exception:

Traceback (most recent call last):
  File "/Users/mac/bbverifier/.venv/bin/mlx_lm.lora", line 10, in <module>
    sys.exit(main())
             ^^^^^^
  File "/Users/mac/bbverifier/.venv/lib/python3.12/site-packages/mlx_lm/lora.py", line 369, in main
    run(types.SimpleNamespace(**args))
  File "/Users/mac/bbverifier/.venv/lib/python3.12/site-packages/mlx_lm/lora.py", line 329, in run
    model, tokenizer = load(args.model, tokenizer_config={"trust_remote_code": True})
                       ^^^^^^^^^^^^^^^^^^^^^^^^^^^^^^^^^^^^^^^^^^^^^^^^^^^^^^^^^^^^^^
  File "/Users/mac/bbverifier/.venv/lib/python3.12/site-packages/mlx_lm/utils.py", line 489, in load
    model_path = _download(path_or_hf_repo, revision=revision)
                 ^^^^^^^^^^^^^^^^^^^^^^^^^^^^^^^^^^^^^^^^^^^^^
  File "/Users/mac/bbverifier/.venv/lib/python3.12/site-packages/mlx_lm/utils.py", line 249, in _download
    snapshot_download(
  File "/Users/mac/bbverifier/.venv/lib/python3.12/site-packages/huggingface_hub/utils/_validators.py", line 88, in _inner_fn
    return fn(*args, **kwargs)
           ^^^^^^^^^^^^^^^^^^^
  File "/Users/mac/bbverifier/.venv/lib/python3.12/site-packages/huggingface_hub/_snapshot_download.py", line 456, in snapshot_download
    thread_map(
  File "/Users/mac/bbverifier/.venv/lib/python3.12/site-packages/tqdm/contrib/concurrent.py", line 69, in thread_map
    return _executor_map(ThreadPoolExecutor, fn, *iterables, **tqdm_kwargs)
           ^^^^^^^^^^^^^^^^^^^^^^^^^^^^^^^^^^^^^^^^^^^^^^^^^^^^^^^^^^^^^^^^
  File "/Users/mac/bbverifier/.venv/lib/python3.12/site-packages/tqdm/contrib/concurrent.py", line 51, in _executor_map
    return list(tqdm_class(ex.map(fn, *iterables, chunksize=chunksize), **kwargs))
           ^^^^^^^^^^^^^^^^^^^^^^^^^^^^^^^^^^^^^^^^^^^^^^^^^^^^^^^^^^^^^^^^^^^^^^^
  File "/Users/mac/bbverifier/.venv/lib/python3.12/site-packages/tqdm/std.py", line 1181, in __iter__
    for obj in iterable:
               ^^^^^^^^
  File "/Users/mac/.local/share/uv/python/cpython-3.12.13-macos-aarch64-none/lib/python3.12/concurrent/futures/_base.py", line 619, in result_iterator
    yield _result_or_cancel(fs.pop())
          ^^^^^^^^^^^^^^^^^^^^^^^^^^^
  File "/Users/mac/.local/share/uv/python/cpython-3.12.13-macos-aarch64-none/lib/python3.12/concurrent/futures/_base.py", line 317, in _result_or_cancel
    return fut.result(timeout)
           ^^^^^^^^^^^^^^^^^^^
  File "/Users/mac/.local/share/uv/python/cpython-3.12.13-macos-aarch64-none/lib/python3.12/concurrent/futures/_base.py", line 456, in result
    return self.__get_result()
           ^^^^^^^^^^^^^^^^^^^
  File "/Users/mac/.local/share/uv/python/cpython-3.12.13-macos-aarch64-none/lib/python3.12/concurrent/futures/_base.py", line 401, in __get_result
    raise self._exception
  File "/Users/mac/.local/share/uv/python/cpython-3.12.13-macos-aarch64-none/lib/python3.12/concurrent/futures/thread.py", line 59, in run
    result = self.fn(*self.args, **self.kwargs)
             ^^^^^^^^^^^^^^^^^^^^^^^^^^^^^^^^^^
  File "/Users/mac/bbverifier/.venv/lib/python3.12/site-packages/huggingface_hub/_snapshot_download.py", line 436, in _inner_hf_hub_download
    hf_hub_download(  # type: ignore
  File "/Users/mac/bbverifier/.venv/lib/python3.12/site-packages/huggingface_hub/utils/_validators.py", line 88, in _inner_fn
    return fn(*args, **kwargs)
           ^^^^^^^^^^^^^^^^^^^
  File "/Users/mac/bbverifier/.venv/lib/python3.12/site-packages/huggingface_hub/file_download.py", line 1016, in hf_hub_download
    return _hf_hub_download_to_cache_dir(
           ^^^^^^^^^^^^^^^^^^^^^^^^^^^^^^
  File "/Users/mac/bbverifier/.venv/lib/python3.12/site-packages/huggingface_hub/file_download.py", line 1238, in _hf_hub_download_to_cache_dir
    _download_to_tmp_and_move(
  File "/Users/mac/bbverifier/.venv/lib/python3.12/site-packages/huggingface_hub/file_download.py", line 1877, in _download_to_tmp_and_move
    http_get(
  File "/Users/mac/bbverifier/.venv/lib/python3.12/site-packages/huggingface_hub/utils/_validators.py", line 88, in _inner_fn
    return fn(*args, **kwargs)
           ^^^^^^^^^^^^^^^^^^^
  File "/Users/mac/bbverifier/.venv/lib/python3.12/site-packages/huggingface_hub/file_download.py", line 450, in http_get
    return http_get(
           ^^^^^^^^^
  File "/Users/mac/bbverifier/.venv/lib/python3.12/site-packages/huggingface_hub/utils/_validators.py", line 88, in _inner_fn
    return fn(*args, **kwargs)
           ^^^^^^^^^^^^^^^^^^^
  File "/Users/mac/bbverifier/.venv/lib/python3.12/site-packages/huggingface_hub/file_download.py", line 372, in http_get
    with http_stream_backoff(
         ^^^^^^^^^^^^^^^^^^^^
  File "/Users/mac/.local/share/uv/python/cpython-3.12.13-macos-aarch64-none/lib/python3.12/contextlib.py", line 137, in __enter__
    return next(self.gen)
           ^^^^^^^^^^^^^^
  File "/Users/mac/bbverifier/.venv/lib/python3.12/site-packages/huggingface_hub/utils/_http.py", line 655, in http_stream_backoff
    yield from _http_backoff_base(
  File "/Users/mac/bbverifier/.venv/lib/python3.12/site-packages/huggingface_hub/utils/_http.py", line 473, in _http_backoff_base
    with client.stream(method=method, url=url, **kwargs) as response:
         ^^^^^^^^^^^^^^^^^^^^^^^^^^^^^^^^^^^^^^^^^^^^^^^
  File "/Users/mac/.local/share/uv/python/cpython-3.12.13-macos-aarch64-none/lib/python3.12/contextlib.py", line 137, in __enter__
    return next(self.gen)
           ^^^^^^^^^^^^^^
  File "/Users/mac/bbverifier/.venv/lib/python3.12/site-packages/httpx/_client.py", line 868, in stream
    response = self.send(
               ^^^^^^^^^^
  File "/Users/mac/bbverifier/.venv/lib/python3.12/site-packages/httpx/_client.py", line 914, in send
    response = self._send_handling_auth(
               ^^^^^^^^^^^^^^^^^^^^^^^^^
  File "/Users/mac/bbverifier/.venv/lib/python3.12/site-packages/httpx/_client.py", line 942, in _send_handling_auth
    response = self._send_handling_redirects(
               ^^^^^^^^^^^^^^^^^^^^^^^^^^^^^^
  File "/Users/mac/bbverifier/.venv/lib/python3.12/site-packages/httpx/_client.py", line 979, in _send_handling_redirects
    response = self._send_single_request(request)
               ^^^^^^^^^^^^^^^^^^^^^^^^^^^^^^^^^^
  File "/Users/mac/bbverifier/.venv/lib/python3.12/site-packages/httpx/_client.py", line 1014, in _send_single_request
    response = transport.handle_request(request)
               ^^^^^^^^^^^^^^^^^^^^^^^^^^^^^^^^^
  File "/Users/mac/bbverifier/.venv/lib/python3.12/site-packages/httpx/_transports/default.py", line 249, in handle_request
    with map_httpcore_exceptions():
         ^^^^^^^^^^^^^^^^^^^^^^^^^
  File "/Users/mac/.local/share/uv/python/cpython-3.12.13-macos-aarch64-none/lib/python3.12/contextlib.py", line 158, in __exit__
    self.gen.throw(value)
  File "/Users/mac/bbverifier/.venv/lib/python3.12/site-packages/httpx/_transports/default.py", line 118, in map_httpcore_exceptions
    raise mapped_exc(message) from exc
httpx.ConnectError: [Errno 61] Connection refused
